# JRE version: Java(TM) SE Runtime Environment (7.0_67-b01) (build 1.7.0_67-b01)
# Java VM: Java HotSpot(TM) 64-Bit Server VM (24.65-b04 mixed mode bsd-amd64 compressed oops)
Heap
 PSYoungGen      total 267264K, used 136233K [0x0000000165080000, 0x0000000179280000, 0x000000018fb80000)
  eden space 250880K, 47% used [0x0000000165080000,0x000000016c5927b0,0x0000000174580000)
  from space 16384K, 99% used [0x0000000176480000,0x0000000177478040,0x0000000177480000)
  to   space 31744K, 0% used [0x0000000174580000,0x0000000174580000,0x0000000176480000)
 ParOldGen       total 87040K, used 40240K [0x000000010fb80000, 0x0000000115080000, 0x0000000165080000)
  object space 87040K, 46% used [0x000000010fb80000,0x00000001122cc210,0x0000000115080000)
 PSPermGen       total 21504K, used 9284K [0x000000010a980000, 0x000000010be80000, 0x000000010fb80000)
  object space 21504K, 43% used [0x000000010a980000,0x000000010b2910c0,0x000000010be80000)
GC Heap History (10 events):
Event: 1.340 GC heap before
{Heap before GC invocations=4 (full 0):
 PSYoungGen      total 38912K, used 38112K [0x0000000165080000, 0x0000000169c80000, 0x000000018fb80000)
  eden space 33792K, 100% used [0x0000000165080000,0x0000000167180000,0x0000000167180000)
  from space 5120K, 84% used [0x0000000167180000,0x00000001675b8020,0x0000000167680000)
  to   space 5120K, 0% used [0x0000000169780000,0x0000000169780000,0x0000000169c80000)
 ParOldGen       total 87040K, used 24K [0x000000010fb80000, 0x0000000115080000, 0x0000000165080000)
  object space 87040K, 0% used [0x000000010fb80000,0x000000010fb86000,0x0000000115080000)
 PSPermGen       total 21504K, used 8967K [0x000000010a980000, 0x000000010be80000, 0x000000010fb80000)
  object space 21504K, 41% used [0x000000010a980000,0x000000010b241d00,0x000000010be80000)
Event: 1.348 GC heap after
Heap after GC invocations=4 (full 0):
 PSYoungGen      total 72704K, used 5088K [0x0000000165080000, 0x0000000169c80000, 0x000000018fb80000)
  eden space 67584K, 0% used [0x0000000165080000,0x0000000165080000,0x0000000169280000)
  from space 5120K, 99% used [0x0000000169780000,0x0000000169c78030,0x0000000169c80000)
  to   space 5120K, 0% used [0x0000000169280000,0x0000000169280000,0x0000000169780000)
 ParOldGen       total 87040K, used 616K [0x000000010fb80000, 0x0000000115080000, 0x0000000165080000)
  object space 87040K, 0% used [0x000000010fb80000,0x000000010fc1a000,0x0000000115080000)
 PSPermGen       total 21504K, used 8967K [0x000000010a980000, 0x000000010be80000, 0x000000010fb80000)
  object space 21504K, 41% used [0x000000010a980000,0x000000010b241d00,0x000000010be80000)
}
Event: 1.496 GC heap before
{Heap before GC invocations=5 (full 0):
 PSYoungGen      total 72704K, used 72672K [0x0000000165080000, 0x0000000169c80000, 0x000000018fb80000)
  eden space 67584K, 100% used [0x0000000165080000,0x0000000169280000,0x0000000169280000)
  from space 5120K, 99% used [0x0000000169780000,0x0000000169c78030,0x0000000169c80000)
  to   space 5120K, 0% used [0x0000000169280000,0x0000000169280000,0x0000000169780000)
 ParOldGen       total 87040K, used 616K [0x000000010fb80000, 0x0000000115080000, 0x0000000165080000)
  object space 87040K, 0% used [0x000000010fb80000,0x000000010fc1a000,0x0000000115080000)
 PSPermGen       total 21504K, used 9036K [0x000000010a980000, 0x000000010be80000, 0x000000010fb80000)
  object space 21504K, 42% used [0x000000010a980000,0x000000010b253070,0x000000010be80000)
Event: 1.507 GC heap after
Heap after GC invocations=5 (full 0):
 PSYoungGen      total 72704K, used 5088K [0x0000000165080000, 0x000000016e580000, 0x000000018fb80000)
  eden space 67584K, 0% used [0x0000000165080000,0x0000000165080000,0x0000000169280000)
  from space 5120K, 99% used [0x0000000169280000,0x0000000169778050,0x0000000169780000)
  to   space 8704K, 0% used [0x000000016dd00000,0x000000016dd00000,0x000000016e580000)
 ParOldGen       total 87040K, used 3297K [0x000000010fb80000, 0x0000000115080000, 0x0000000165080000)
  object space 87040K, 3% used [0x000000010fb80000,0x000000010feb86d8,0x0000000115080000)
 PSPermGen       total 21504K, used 9036K [0x000000010a980000, 0x000000010be80000, 0x000000010fb80000)
  object space 21504K, 42% used [0x000000010a980000,0x000000010b253070,0x000000010be80000)
}
Event: 1.648 GC heap before
{Heap before GC invocations=6 (full 0):
 PSYoungGen      total 72704K, used 72672K [0x0000000165080000, 0x000000016e580000, 0x000000018fb80000)
  eden space 67584K, 100% used [0x0000000165080000,0x0000000169280000,0x0000000169280000)
  from space 5120K, 99% used [0x0000000169280000,0x0000000169778050,0x0000000169780000)
  to   space 8704K, 0% used [0x000000016dd00000,0x000000016dd00000,0x000000016e580000)
 ParOldGen       total 87040K, used 3297K [0x000000010fb80000, 0x0000000115080000, 0x0000000165080000)
  object space 87040K, 3% used [0x000000010fb80000,0x000000010feb86d8,0x0000000115080000)
 PSPermGen       total 21504K, used 9038K [0x000000010a980000, 0x000000010be80000, 0x000000010fb80000)
  object space 21504K, 42% used [0x000000010a980000,0x000000010b2538c8,0x000000010be80000)
Event: 1.661 GC heap after
Heap after GC invocations=6 (full 0):
 PSYoungGen      total 141824K, used 8672K [0x0000000165080000, 0x000000016e980000, 0x000000018fb80000)
  eden space 133120K, 0% used [0x0000000165080000,0x0000000165080000,0x000000016d280000)
  from space 8704K, 99% used [0x000000016dd00000,0x000000016e578070,0x000000016e580000)
  to   space 10752K, 0% used [0x000000016d280000,0x000000016d280000,0x000000016dd00000)
 ParOldGen       total 87040K, used 4241K [0x000000010fb80000, 0x0000000115080000, 0x0000000165080000)
  object space 87040K, 4% used [0x000000010fb80000,0x000000010ffa46d8,0x0000000115080000)
 PSPermGen       total 21504K, used 9038K [0x000000010a980000, 0x000000010be80000, 0x000000010fb80000)
  object space 21504K, 42% used [0x000000010a980000,0x000000010b2538c8,0x000000010be80000)
}
Event: 1.832 GC heap before
{Heap before GC invocations=7 (full 0):
 PSYoungGen      total 141824K, used 141792K [0x0000000165080000, 0x000000016e980000, 0x000000018fb80000)
  eden space 133120K, 100% used [0x0000000165080000,0x000000016d280000,0x000000016d280000)
  from space 8704K, 99% used [0x000000016dd00000,0x000000016e578070,0x000000016e580000)
  to   space 10752K, 0% used [0x000000016d280000,0x000000016d280000,0x000000016dd00000)
 ParOldGen       total 87040K, used 4241K [0x000000010fb80000, 0x0000000115080000, 0x0000000165080000)
  object space 87040K, 4% used [0x000000010fb80000,0x000000010ffa46d8,0x0000000115080000)
 PSPermGen       total 21504K, used 9038K [0x000000010a980000, 0x000000010be80000, 0x000000010fb80000)
  object space 21504K, 42% used [0x000000010a980000,0x000000010b2538c8,0x000000010be80000)
Event: 1.857 GC heap after
Heap after GC invocations=7 (full 0):
 PSYoungGen      total 143872K, used 10720K [0x0000000165080000, 0x0000000177480000, 0x000000018fb80000)
  eden space 133120K, 0% used [0x0000000165080000,0x0000000165080000,0x000000016d280000)
  from space 10752K, 99% used [0x000000016d280000,0x000000016dcf8040,0x000000016dd00000)
  to   space 16384K, 0% used [0x0000000176480000,0x0000000176480000,0x0000000177480000)
 ParOldGen       total 87040K, used 12320K [0x000000010fb80000, 0x0000000115080000, 0x0000000165080000)
  object space 87040K, 14% used [0x000000010fb80000,0x0000000110788200,0x0000000115080000)
 PSPermGen       total 21504K, used 9038K [0x000000010a980000, 0x000000010be80000, 0x000000010fb80000)
  object space 21504K, 42% used [0x000000010a980000,0x000000010b2538c8,0x000000010be80000)
}
Event: 2.074 GC heap before
{Heap before GC invocations=8 (full 0):
 PSYoungGen      total 143872K, used 143840K [0x0000000165080000, 0x0000000177480000, 0x000000018fb80000)
  eden space 133120K, 100% used [0x0000000165080000,0x000000016d280000,0x000000016d280000)
  from space 10752K, 99% used [0x000000016d280000,0x000000016dcf8040,0x000000016dd00000)
  to   space 16384K, 0% used [0x0000000176480000,0x0000000176480000,0x0000000177480000)
 ParOldGen       total 87040K, used 12320K [0x000000010fb80000, 0x0000000115080000, 0x0000000165080000)
  object space 87040K, 14% used [0x000000010fb80000,0x0000000110788200,0x0000000115080000)
 PSPermGen       total 21504K, used 9072K [0x000000010a980000, 0x000000010be80000, 0x000000010fb80000)
  object space 21504K, 42% used [0x000000010a980000,0x000000010b25c170,0x000000010be80000)
Event: 2.141 GC heap after
Heap after GC invocations=8 (full 0):
 PSYoungGen      total 267264K, used 16352K [0x0000000165080000, 0x0000000179280000, 0x000000018fb80000)
  eden space 250880K, 0% used [0x0000000165080000,0x0000000165080000,0x0000000174580000)
  from space 16384K, 99% used [0x0000000176480000,0x0000000177478040,0x0000000177480000)
  to   space 31744K, 0% used [0x0000000174580000,0x0000000174580000,0x0000000176480000)
 ParOldGen       total 87040K, used 40240K [0x000000010fb80000, 0x0000000115080000, 0x0000000165080000)
  object space 87040K, 46% used [0x000000010fb80000,0x00000001122cc210,0x0000000115080000)
 PSPermGen       total 21504K, used 9072K [0x000000010a980000, 0x000000010be80000, 0x000000010fb80000)
  object space 21504K, 42% used [0x000000010a980000,0x000000010b25c170,0x000000010be80000)
}

