# JRE version: Java(TM) SE Runtime Environment (7.0_67-b01) (build 1.7.0_67-b01)
# Java VM: Java HotSpot(TM) 64-Bit Server VM (24.65-b04 mixed mode bsd-amd64 compressed oops)
Heap
 PSYoungGen      total 200704K, used 23183K [0x00000007eaa80000, 0x0000000800000000, 0x0000000800000000)
  eden space 157184K, 1% used [0x00000007eaa80000,0x00000007eacd3f20,0x00000007f4400000)
  from space 43520K, 47% used [0x00000007fd580000,0x00000007fe9d0060,0x0000000800000000)
  to   space 96256K, 0% used [0x00000007f4400000,0x00000007f4400000,0x00000007fa200000)
 ParOldGen       total 699392K, used 66605K [0x00000007bff80000, 0x00000007eaa80000, 0x00000007eaa80000)
  object space 699392K, 9% used [0x00000007bff80000,0x00000007c408b600,0x00000007eaa80000)
 PSPermGen       total 59392K, used 59136K [0x00000007aff80000, 0x00000007b3980000, 0x00000007bff80000)
  object space 59392K, 99% used [0x00000007aff80000,0x00000007b39400c8,0x00000007b3980000)
GC Heap History (10 events):
Event: 7.551 GC heap before
{Heap before GC invocations=2 (full 0):
 PSYoungGen      total 306176K, used 291611K [0x00000007eaa80000, 0x0000000800000000, 0x0000000800000000)
  eden space 262656K, 100% used [0x00000007eaa80000,0x00000007fab00000,0x00000007fab00000)
  from space 43520K, 66% used [0x00000007fab00000,0x00000007fc746da8,0x00000007fd580000)
  to   space 43520K, 0% used [0x00000007fd580000,0x00000007fd580000,0x0000000800000000)
 ParOldGen       total 699392K, used 8K [0x00000007bff80000, 0x00000007eaa80000, 0x00000007eaa80000)
  object space 699392K, 0% used [0x00000007bff80000,0x00000007bff82000,0x00000007eaa80000)
 PSPermGen       total 50176K, used 49949K [0x00000007aff80000, 0x00000007b3080000, 0x00000007bff80000)
  object space 50176K, 99% used [0x00000007aff80000,0x00000007b3047630,0x00000007b3080000)
Event: 7.617 GC heap after
Heap after GC invocations=2 (full 0):
 PSYoungGen      total 306176K, used 42909K [0x00000007eaa80000, 0x0000000800000000, 0x0000000800000000)
  eden space 262656K, 0% used [0x00000007eaa80000,0x00000007eaa80000,0x00000007fab00000)
  from space 43520K, 98% used [0x00000007fd580000,0x00000007fff67488,0x0000000800000000)
  to   space 43520K, 0% used [0x00000007fab00000,0x00000007fab00000,0x00000007fd580000)
 ParOldGen       total 699392K, used 16K [0x00000007bff80000, 0x00000007eaa80000, 0x00000007eaa80000)
  object space 699392K, 0% used [0x00000007bff80000,0x00000007bff84000,0x00000007eaa80000)
 PSPermGen       total 50176K, used 49949K [0x00000007aff80000, 0x00000007b3080000, 0x00000007bff80000)
  object space 50176K, 99% used [0x00000007aff80000,0x00000007b3047630,0x00000007b3080000)
}
Event: 12.388 GC heap before
{Heap before GC invocations=3 (full 0):
 PSYoungGen      total 306176K, used 305565K [0x00000007eaa80000, 0x0000000800000000, 0x0000000800000000)
  eden space 262656K, 100% used [0x00000007eaa80000,0x00000007fab00000,0x00000007fab00000)
  from space 43520K, 98% used [0x00000007fd580000,0x00000007fff67488,0x0000000800000000)
  to   space 43520K, 0% used [0x00000007fab00000,0x00000007fab00000,0x00000007fd580000)
 ParOldGen       total 699392K, used 16K [0x00000007bff80000, 0x00000007eaa80000, 0x00000007eaa80000)
  object space 699392K, 0% used [0x00000007bff80000,0x00000007bff84000,0x00000007eaa80000)
 PSPermGen       total 58368K, used 58309K [0x00000007aff80000, 0x00000007b3880000, 0x00000007bff80000)
  object space 58368K, 99% used [0x00000007aff80000,0x00000007b3871640,0x00000007b3880000)
Event: 12.416 GC heap after
Heap after GC invocations=3 (full 0):
 PSYoungGen      total 306176K, used 35132K [0x00000007eaa80000, 0x0000000800000000, 0x0000000800000000)
  eden space 262656K, 0% used [0x00000007eaa80000,0x00000007eaa80000,0x00000007fab00000)
  from space 43520K, 80% used [0x00000007fab00000,0x00000007fcd4f248,0x00000007fd580000)
  to   space 43520K, 0% used [0x00000007fd580000,0x00000007fd580000,0x0000000800000000)
 ParOldGen       total 699392K, used 24K [0x00000007bff80000, 0x00000007eaa80000, 0x00000007eaa80000)
  object space 699392K, 0% used [0x00000007bff80000,0x00000007bff86000,0x00000007eaa80000)
 PSPermGen       total 58368K, used 58309K [0x00000007aff80000, 0x00000007b3880000, 0x00000007bff80000)
  object space 58368K, 99% used [0x00000007aff80000,0x00000007b3871640,0x00000007b3880000)
}
Event: 12.828 GC heap before
{Heap before GC invocations=4 (full 0):
 PSYoungGen      total 306176K, used 297788K [0x00000007eaa80000, 0x0000000800000000, 0x0000000800000000)
  eden space 262656K, 100% used [0x00000007eaa80000,0x00000007fab00000,0x00000007fab00000)
  from space 43520K, 80% used [0x00000007fab00000,0x00000007fcd4f248,0x00000007fd580000)
  to   space 43520K, 0% used [0x00000007fd580000,0x00000007fd580000,0x0000000800000000)
 ParOldGen       total 699392K, used 24K [0x00000007bff80000, 0x00000007eaa80000, 0x00000007eaa80000)
  object space 699392K, 0% used [0x00000007bff80000,0x00000007bff86000,0x00000007eaa80000)
 PSPermGen       total 58880K, used 58467K [0x00000007aff80000, 0x00000007b3900000, 0x00000007bff80000)
  object space 58880K, 99% used [0x00000007aff80000,0x00000007b3898d20,0x00000007b3900000)
Event: 12.916 GC heap after
Heap after GC invocations=4 (full 0):
 PSYoungGen      total 306176K, used 43497K [0x00000007eaa80000, 0x0000000800000000, 0x0000000800000000)
  eden space 262656K, 0% used [0x00000007eaa80000,0x00000007eaa80000,0x00000007fab00000)
  from space 43520K, 99% used [0x00000007fd580000,0x00000007ffffa458,0x0000000800000000)
  to   space 43520K, 0% used [0x00000007fab00000,0x00000007fab00000,0x00000007fd580000)
 ParOldGen       total 699392K, used 66573K [0x00000007bff80000, 0x00000007eaa80000, 0x00000007eaa80000)
  object space 699392K, 9% used [0x00000007bff80000,0x00000007c4083600,0x00000007eaa80000)
 PSPermGen       total 58880K, used 58467K [0x00000007aff80000, 0x00000007b3900000, 0x00000007bff80000)
  object space 58880K, 99% used [0x00000007aff80000,0x00000007b3898d20,0x00000007b3900000)
}
Event: 13.137 GC heap before
{Heap before GC invocations=5 (full 0):
 PSYoungGen      total 306176K, used 306153K [0x00000007eaa80000, 0x0000000800000000, 0x0000000800000000)
  eden space 262656K, 100% used [0x00000007eaa80000,0x00000007fab00000,0x00000007fab00000)
  from space 43520K, 99% used [0x00000007fd580000,0x00000007ffffa458,0x0000000800000000)
  to   space 43520K, 0% used [0x00000007fab00000,0x00000007fab00000,0x00000007fd580000)
 ParOldGen       total 699392K, used 66573K [0x00000007bff80000, 0x00000007eaa80000, 0x00000007eaa80000)
  object space 699392K, 9% used [0x00000007bff80000,0x00000007c4083600,0x00000007eaa80000)
 PSPermGen       total 58880K, used 58467K [0x00000007aff80000, 0x00000007b3900000, 0x00000007bff80000)
  object space 58880K, 99% used [0x00000007aff80000,0x00000007b3898d20,0x00000007b3900000)
Event: 13.162 GC heap after
Heap after GC invocations=5 (full 0):
 PSYoungGen      total 306176K, used 43517K [0x00000007eaa80000, 0x0000000800000000, 0x0000000800000000)
  eden space 262656K, 0% used [0x00000007eaa80000,0x00000007eaa80000,0x00000007fab00000)
  from space 43520K, 99% used [0x00000007fab00000,0x00000007fd57f468,0x00000007fd580000)
  to   space 43520K, 0% used [0x00000007fd580000,0x00000007fd580000,0x0000000800000000)
 ParOldGen       total 699392K, used 66597K [0x00000007bff80000, 0x00000007eaa80000, 0x00000007eaa80000)
  object space 699392K, 9% used [0x00000007bff80000,0x00000007c4089600,0x00000007eaa80000)
 PSPermGen       total 58880K, used 58467K [0x00000007aff80000, 0x00000007b3900000, 0x00000007bff80000)
  object space 58880K, 99% used [0x00000007aff80000,0x00000007b3898d20,0x00000007b3900000)
}
Event: 47.530 GC heap before
{Heap before GC invocations=6 (full 0):
 PSYoungGen      total 306176K, used 306173K [0x00000007eaa80000, 0x0000000800000000, 0x0000000800000000)
  eden space 262656K, 100% used [0x00000007eaa80000,0x00000007fab00000,0x00000007fab00000)
  from space 43520K, 99% used [0x00000007fab00000,0x00000007fd57f468,0x00000007fd580000)
  to   space 43520K, 0% used [0x00000007fd580000,0x00000007fd580000,0x0000000800000000)
 ParOldGen       total 699392K, used 66597K [0x00000007bff80000, 0x00000007eaa80000, 0x00000007eaa80000)
  object space 699392K, 9% used [0x00000007bff80000,0x00000007c4089600,0x00000007eaa80000)
 PSPermGen       total 59392K, used 59131K [0x00000007aff80000, 0x00000007b3980000, 0x00000007bff80000)
  object space 59392K, 99% used [0x00000007aff80000,0x00000007b393ec50,0x00000007b3980000)
Event: 47.551 GC heap after
Heap after GC invocations=6 (full 0):
 PSYoungGen      total 200704K, used 20800K [0x00000007eaa80000, 0x0000000800000000, 0x0000000800000000)
  eden space 157184K, 0% used [0x00000007eaa80000,0x00000007eaa80000,0x00000007f4400000)
  from space 43520K, 47% used [0x00000007fd580000,0x00000007fe9d0060,0x0000000800000000)
  to   space 96256K, 0% used [0x00000007f4400000,0x00000007f4400000,0x00000007fa200000)
 ParOldGen       total 699392K, used 66605K [0x00000007bff80000, 0x00000007eaa80000, 0x00000007eaa80000)
  object space 699392K, 9% used [0x00000007bff80000,0x00000007c408b600,0x00000007eaa80000)
 PSPermGen       total 59392K, used 59131K [0x00000007aff80000, 0x00000007b3980000, 0x00000007bff80000)
  object space 59392K, 99% used [0x00000007aff80000,0x00000007b393ec50,0x00000007b3980000)
}

