# JRE version: Java(TM) SE Runtime Environment (7.0_67-b01) (build 1.7.0_67-b01)
# Java VM: Java HotSpot(TM) 64-Bit Server VM (24.65-b04 mixed mode bsd-amd64 compressed oops)
Heap
 PSYoungGen      total 38912K, used 3122K [0x0000000163c00000, 0x0000000166700000, 0x000000018e700000)
  eden space 33792K, 3% used [0x0000000163c00000,0x0000000163d446d0,0x0000000165d00000)
  from space 5120K, 35% used [0x0000000166200000,0x00000001663c8490,0x0000000166700000)
  to   space 5120K, 0% used [0x0000000165d00000,0x0000000165d00000,0x0000000166200000)
 ParOldGen       total 87040K, used 16K [0x000000010e700000, 0x0000000113c00000, 0x0000000163c00000)
  object space 87040K, 0% used [0x000000010e700000,0x000000010e704000,0x0000000113c00000)
 PSPermGen       total 21504K, used 9970K [0x0000000109500000, 0x000000010aa00000, 0x000000010e700000)
  object space 21504K, 46% used [0x0000000109500000,0x0000000109ebc980,0x000000010aa00000)
GC Heap History (4 events):
Event: 1.317 GC heap before
{Heap before GC invocations=1 (full 0):
 PSYoungGen      total 38912K, used 33792K [0x0000000163c00000, 0x0000000166700000, 0x000000018e700000)
  eden space 33792K, 100% used [0x0000000163c00000,0x0000000165d00000,0x0000000165d00000)
  from space 5120K, 0% used [0x0000000166200000,0x0000000166200000,0x0000000166700000)
  to   space 5120K, 0% used [0x0000000165d00000,0x0000000165d00000,0x0000000166200000)
 ParOldGen       total 87040K, used 0K [0x000000010e700000, 0x0000000113c00000, 0x0000000163c00000)
  object space 87040K, 0% used [0x000000010e700000,0x000000010e700000,0x0000000113c00000)
 PSPermGen       total 21504K, used 9338K [0x0000000109500000, 0x000000010aa00000, 0x000000010e700000)
  object space 21504K, 43% used [0x0000000109500000,0x0000000109e1ebf8,0x000000010aa00000)
Event: 1.323 GC heap after
Heap after GC invocations=1 (full 0):
 PSYoungGen      total 38912K, used 4229K [0x0000000163c00000, 0x0000000166700000, 0x000000018e700000)
  eden space 33792K, 0% used [0x0000000163c00000,0x0000000163c00000,0x0000000165d00000)
  from space 5120K, 82% used [0x0000000165d00000,0x00000001661215a8,0x0000000166200000)
  to   space 5120K, 0% used [0x0000000166200000,0x0000000166200000,0x0000000166700000)
 ParOldGen       total 87040K, used 8K [0x000000010e700000, 0x0000000113c00000, 0x0000000163c00000)
  object space 87040K, 0% used [0x000000010e700000,0x000000010e702000,0x0000000113c00000)
 PSPermGen       total 21504K, used 9338K [0x0000000109500000, 0x000000010aa00000, 0x000000010e700000)
  object space 21504K, 43% used [0x0000000109500000,0x0000000109e1ebf8,0x000000010aa00000)
}
Event: 14.792 GC heap before
{Heap before GC invocations=2 (full 0):
 PSYoungGen      total 38912K, used 38021K [0x0000000163c00000, 0x0000000166700000, 0x000000018e700000)
  eden space 33792K, 100% used [0x0000000163c00000,0x0000000165d00000,0x0000000165d00000)
  from space 5120K, 82% used [0x0000000165d00000,0x00000001661215a8,0x0000000166200000)
  to   space 5120K, 0% used [0x0000000166200000,0x0000000166200000,0x0000000166700000)
 ParOldGen       total 87040K, used 8K [0x000000010e700000, 0x0000000113c00000, 0x0000000163c00000)
  object space 87040K, 0% used [0x000000010e700000,0x000000010e702000,0x0000000113c00000)
 PSPermGen       total 21504K, used 9962K [0x0000000109500000, 0x000000010aa00000, 0x000000010e700000)
  object space 21504K, 46% used [0x0000000109500000,0x0000000109eba978,0x000000010aa00000)
Event: 14.799 GC heap after
Heap after GC invocations=2 (full 0):
 PSYoungGen      total 38912K, used 1825K [0x0000000163c00000, 0x0000000166700000, 0x000000018e700000)
  eden space 33792K, 0% used [0x0000000163c00000,0x0000000163c00000,0x0000000165d00000)
  from space 5120K, 35% used [0x0000000166200000,0x00000001663c8490,0x0000000166700000)
  to   space 5120K, 0% used [0x0000000165d00000,0x0000000165d00000,0x0000000166200000)
 ParOldGen       total 87040K, used 16K [0x000000010e700000, 0x0000000113c00000, 0x0000000163c00000)
  object space 87040K, 0% used [0x000000010e700000,0x000000010e704000,0x0000000113c00000)
 PSPermGen       total 21504K, used 9962K [0x0000000109500000, 0x000000010aa00000, 0x000000010e700000)
  object space 21504K, 46% used [0x0000000109500000,0x0000000109eba978,0x000000010aa00000)
}

