# JRE version: Java(TM) SE Runtime Environment (7.0_67-b01) (build 1.7.0_67-b01)
# Java VM: Java HotSpot(TM) 64-Bit Server VM (24.65-b04 mixed mode bsd-amd64 compressed oops)
Heap
 PSYoungGen      total 284160K, used 204645K [0x00000007d5500000, 0x00000007f2700000, 0x0000000800000000)
  eden space 266240K, 70% used [0x00000007d5500000,0x00000007e0b61410,0x00000007e5900000)
  from space 17920K, 99% used [0x00000007e5900000,0x00000007e6a78070,0x00000007e6a80000)
  to   space 25600K, 0% used [0x00000007f0e00000,0x00000007f0e00000,0x00000007f2700000)
 ParOldGen       total 87040K, used 30053K [0x0000000780000000, 0x0000000785500000, 0x00000007d5500000)
  object space 87040K, 34% used [0x0000000780000000,0x0000000781d59640,0x0000000785500000)
 PSPermGen       total 21504K, used 10025K [0x000000077ae00000, 0x000000077c300000, 0x0000000780000000)
  object space 21504K, 46% used [0x000000077ae00000,0x000000077b7ca5e0,0x000000077c300000)
GC Heap History (10 events):
Event: 1.720 GC heap before
{Heap before GC invocations=5 (full 0):
 PSYoungGen      total 72704K, used 72000K [0x00000007d5500000, 0x00000007da100000, 0x0000000800000000)
  eden space 67584K, 100% used [0x00000007d5500000,0x00000007d9700000,0x00000007d9700000)
  from space 5120K, 86% used [0x00000007d9c00000,0x00000007da050040,0x00000007da100000)
  to   space 5120K, 0% used [0x00000007d9700000,0x00000007d9700000,0x00000007d9c00000)
 ParOldGen       total 87040K, used 24K [0x0000000780000000, 0x0000000785500000, 0x00000007d5500000)
  object space 87040K, 0% used [0x0000000780000000,0x0000000780006000,0x0000000785500000)
 PSPermGen       total 21504K, used 9931K [0x000000077ae00000, 0x000000077c300000, 0x0000000780000000)
  object space 21504K, 46% used [0x000000077ae00000,0x000000077b7b2cf8,0x000000077c300000)
Event: 1.732 GC heap after
Heap after GC invocations=5 (full 0):
 PSYoungGen      total 72704K, used 5088K [0x00000007d5500000, 0x00000007de900000, 0x0000000800000000)
  eden space 67584K, 0% used [0x00000007d5500000,0x00000007d5500000,0x00000007d9700000)
  from space 5120K, 99% used [0x00000007d9700000,0x00000007d9bf8050,0x00000007d9c00000)
  to   space 8192K, 0% used [0x00000007de100000,0x00000007de100000,0x00000007de900000)
 ParOldGen       total 87040K, used 2400K [0x0000000780000000, 0x0000000785500000, 0x00000007d5500000)
  object space 87040K, 2% used [0x0000000780000000,0x0000000780258000,0x0000000785500000)
 PSPermGen       total 21504K, used 9931K [0x000000077ae00000, 0x000000077c300000, 0x0000000780000000)
  object space 21504K, 46% used [0x000000077ae00000,0x000000077b7b2cf8,0x000000077c300000)
}
Event: 1.804 GC heap before
{Heap before GC invocations=6 (full 0):
 PSYoungGen      total 72704K, used 72672K [0x00000007d5500000, 0x00000007de900000, 0x0000000800000000)
  eden space 67584K, 100% used [0x00000007d5500000,0x00000007d9700000,0x00000007d9700000)
  from space 5120K, 99% used [0x00000007d9700000,0x00000007d9bf8050,0x00000007d9c00000)
  to   space 8192K, 0% used [0x00000007de100000,0x00000007de100000,0x00000007de900000)
 ParOldGen       total 87040K, used 2400K [0x0000000780000000, 0x0000000785500000, 0x00000007d5500000)
  object space 87040K, 2% used [0x0000000780000000,0x0000000780258000,0x0000000785500000)
 PSPermGen       total 21504K, used 9933K [0x000000077ae00000, 0x000000077c300000, 0x0000000780000000)
  object space 21504K, 46% used [0x000000077ae00000,0x000000077b7b3570,0x000000077c300000)
Event: 1.816 GC heap after
Heap after GC invocations=6 (full 0):
 PSYoungGen      total 141312K, used 8160K [0x00000007d5500000, 0x00000007ded00000, 0x0000000800000000)
  eden space 133120K, 0% used [0x00000007d5500000,0x00000007d5500000,0x00000007dd700000)
  from space 8192K, 99% used [0x00000007de100000,0x00000007de8f8050,0x00000007de900000)
  to   space 10240K, 0% used [0x00000007dd700000,0x00000007dd700000,0x00000007de100000)
 ParOldGen       total 87040K, used 3328K [0x0000000780000000, 0x0000000785500000, 0x00000007d5500000)
  object space 87040K, 3% used [0x0000000780000000,0x0000000780340000,0x0000000785500000)
 PSPermGen       total 21504K, used 9933K [0x000000077ae00000, 0x000000077c300000, 0x0000000780000000)
  object space 21504K, 46% used [0x000000077ae00000,0x000000077b7b3570,0x000000077c300000)
}
Event: 1.976 GC heap before
{Heap before GC invocations=7 (full 0):
 PSYoungGen      total 141312K, used 141280K [0x00000007d5500000, 0x00000007ded00000, 0x0000000800000000)
  eden space 133120K, 100% used [0x00000007d5500000,0x00000007dd700000,0x00000007dd700000)
  from space 8192K, 99% used [0x00000007de100000,0x00000007de8f8050,0x00000007de900000)
  to   space 10240K, 0% used [0x00000007dd700000,0x00000007dd700000,0x00000007de100000)
 ParOldGen       total 87040K, used 3328K [0x0000000780000000, 0x0000000785500000, 0x00000007d5500000)
  object space 87040K, 3% used [0x0000000780000000,0x0000000780340000,0x0000000785500000)
 PSPermGen       total 21504K, used 9945K [0x000000077ae00000, 0x000000077c300000, 0x0000000780000000)
  object space 21504K, 46% used [0x000000077ae00000,0x000000077b7b67b8,0x000000077c300000)
Event: 2.011 GC heap after
Heap after GC invocations=7 (full 0):
 PSYoungGen      total 143360K, used 10208K [0x00000007d5500000, 0x00000007e7f00000, 0x0000000800000000)
  eden space 133120K, 0% used [0x00000007d5500000,0x00000007d5500000,0x00000007dd700000)
  from space 10240K, 99% used [0x00000007dd700000,0x00000007de0f8050,0x00000007de100000)
  to   space 19456K, 0% used [0x00000007e6c00000,0x00000007e6c00000,0x00000007e7f00000)
 ParOldGen       total 87040K, used 17157K [0x0000000780000000, 0x0000000785500000, 0x00000007d5500000)
  object space 87040K, 19% used [0x0000000780000000,0x00000007810c1620,0x0000000785500000)
 PSPermGen       total 21504K, used 9945K [0x000000077ae00000, 0x000000077c300000, 0x0000000780000000)
  object space 21504K, 46% used [0x000000077ae00000,0x000000077b7b67b8,0x000000077c300000)
}
Event: 2.129 GC heap before
{Heap before GC invocations=8 (full 0):
 PSYoungGen      total 143360K, used 143328K [0x00000007d5500000, 0x00000007e7f00000, 0x0000000800000000)
  eden space 133120K, 100% used [0x00000007d5500000,0x00000007dd700000,0x00000007dd700000)
  from space 10240K, 99% used [0x00000007dd700000,0x00000007de0f8050,0x00000007de100000)
  to   space 19456K, 0% used [0x00000007e6c00000,0x00000007e6c00000,0x00000007e7f00000)
 ParOldGen       total 87040K, used 17157K [0x0000000780000000, 0x0000000785500000, 0x00000007d5500000)
  object space 87040K, 19% used [0x0000000780000000,0x00000007810c1620,0x0000000785500000)
 PSPermGen       total 21504K, used 9945K [0x000000077ae00000, 0x000000077c300000, 0x0000000780000000)
  object space 21504K, 46% used [0x000000077ae00000,0x000000077b7b67b8,0x000000077c300000)
Event: 2.140 GC heap after
Heap after GC invocations=8 (full 0):
 PSYoungGen      total 282624K, used 7552K [0x00000007d5500000, 0x00000007e7c00000, 0x0000000800000000)
  eden space 266240K, 0% used [0x00000007d5500000,0x00000007d5500000,0x00000007e5900000)
  from space 16384K, 46% used [0x00000007e6c00000,0x00000007e7360040,0x00000007e7c00000)
  to   space 17920K, 0% used [0x00000007e5900000,0x00000007e5900000,0x00000007e6a80000)
 ParOldGen       total 87040K, used 18133K [0x0000000780000000, 0x0000000785500000, 0x00000007d5500000)
  object space 87040K, 20% used [0x0000000780000000,0x00000007811b5630,0x0000000785500000)
 PSPermGen       total 21504K, used 9945K [0x000000077ae00000, 0x000000077c300000, 0x0000000780000000)
  object space 21504K, 46% used [0x000000077ae00000,0x000000077b7b67b8,0x000000077c300000)
}
Event: 2.384 GC heap before
{Heap before GC invocations=9 (full 0):
 PSYoungGen      total 282624K, used 273792K [0x00000007d5500000, 0x00000007e7c00000, 0x0000000800000000)
  eden space 266240K, 100% used [0x00000007d5500000,0x00000007e5900000,0x00000007e5900000)
  from space 16384K, 46% used [0x00000007e6c00000,0x00000007e7360040,0x00000007e7c00000)
  to   space 17920K, 0% used [0x00000007e5900000,0x00000007e5900000,0x00000007e6a80000)
 ParOldGen       total 87040K, used 18133K [0x0000000780000000, 0x0000000785500000, 0x00000007d5500000)
  object space 87040K, 20% used [0x0000000780000000,0x00000007811b5630,0x0000000785500000)
 PSPermGen       total 21504K, used 9946K [0x000000077ae00000, 0x000000077c300000, 0x0000000780000000)
  object space 21504K, 46% used [0x000000077ae00000,0x000000077b7b68a8,0x000000077c300000)
Event: 2.421 GC heap after
Heap after GC invocations=9 (full 0):
 PSYoungGen      total 284160K, used 17888K [0x00000007d5500000, 0x00000007f2700000, 0x0000000800000000)
  eden space 266240K, 0% used [0x00000007d5500000,0x00000007d5500000,0x00000007e5900000)
  from space 17920K, 99% used [0x00000007e5900000,0x00000007e6a78070,0x00000007e6a80000)
  to   space 25600K, 0% used [0x00000007f0e00000,0x00000007f0e00000,0x00000007f2700000)
 ParOldGen       total 87040K, used 30053K [0x0000000780000000, 0x0000000785500000, 0x00000007d5500000)
  object space 87040K, 34% used [0x0000000780000000,0x0000000781d59640,0x0000000785500000)
 PSPermGen       total 21504K, used 9946K [0x000000077ae00000, 0x000000077c300000, 0x0000000780000000)
  object space 21504K, 46% used [0x000000077ae00000,0x000000077b7b68a8,0x000000077c300000)
}

