# JRE version: Java(TM) SE Runtime Environment (7.0_67-b01) (build 1.7.0_67-b01)
# Java VM: Java HotSpot(TM) 64-Bit Server VM (24.65-b04 mixed mode bsd-amd64 compressed oops)
Heap
 PSYoungGen      total 552960K, used 451524K [0x0000000162600000, 0x000000018d100000, 0x000000018d100000)
  eden space 496640K, 90% used [0x0000000162600000,0x000000017def1298,0x0000000180b00000)
  from space 56320K, 0% used [0x0000000189a00000,0x0000000189a00000,0x000000018d100000)
  to   space 91136K, 0% used [0x0000000181f00000,0x0000000181f00000,0x0000000187800000)
 ParOldGen       total 134656K, used 3081K [0x000000010d100000, 0x0000000115480000, 0x0000000162600000)
  object space 134656K, 2% used [0x000000010d100000,0x000000010d402548,0x0000000115480000)
 PSPermGen       total 22528K, used 10053K [0x0000000107f00000, 0x0000000109500000, 0x000000010d100000)
  object space 22528K, 44% used [0x0000000107f00000,0x00000001088d16c0,0x0000000109500000)
GC Heap History (10 events):
Event: 2.698 GC heap before
{Heap before GC invocations=10 (full 0):
 PSYoungGen      total 280064K, used 280032K [0x0000000162600000, 0x000000017f080000, 0x000000018d100000)
  eden space 262656K, 100% used [0x0000000162600000,0x0000000172680000,0x0000000172680000)
  from space 17408K, 99% used [0x0000000172680000,0x0000000173778050,0x0000000173780000)
  to   space 24576K, 0% used [0x000000017d880000,0x000000017d880000,0x000000017f080000)
 ParOldGen       total 87040K, used 20350K [0x000000010d100000, 0x0000000112600000, 0x0000000162600000)
  object space 87040K, 23% used [0x000000010d100000,0x000000010e4df9f8,0x0000000112600000)
 PSPermGen       total 21504K, used 9947K [0x0000000107f00000, 0x0000000109400000, 0x000000010d100000)
  object space 21504K, 46% used [0x0000000107f00000,0x00000001088b6dc8,0x0000000109400000)
Event: 2.736 GC heap after
Heap after GC invocations=10 (full 0):
 PSYoungGen      total 437248K, used 24544K [0x0000000162600000, 0x000000017ff80000, 0x000000018d100000)
  eden space 412672K, 0% used [0x0000000162600000,0x0000000162600000,0x000000017b900000)
  from space 24576K, 99% used [0x000000017d880000,0x000000017f078030,0x000000017f080000)
  to   space 32256K, 0% used [0x000000017b900000,0x000000017b900000,0x000000017d880000)
 ParOldGen       total 87040K, used 29470K [0x000000010d100000, 0x0000000112600000, 0x0000000162600000)
  object space 87040K, 33% used [0x000000010d100000,0x000000010edc7a08,0x0000000112600000)
 PSPermGen       total 21504K, used 9947K [0x0000000107f00000, 0x0000000109400000, 0x000000010d100000)
  object space 21504K, 46% used [0x0000000107f00000,0x00000001088b6dc8,0x0000000109400000)
}
Event: 2.994 GC heap before
{Heap before GC invocations=11 (full 0):
 PSYoungGen      total 437248K, used 421923K [0x0000000162600000, 0x000000017ff80000, 0x000000018d100000)
  eden space 412672K, 96% used [0x0000000162600000,0x000000017aa10d90,0x000000017b900000)
  from space 24576K, 99% used [0x000000017d880000,0x000000017f078030,0x000000017f080000)
  to   space 32256K, 0% used [0x000000017b900000,0x000000017b900000,0x000000017d880000)
 ParOldGen       total 87040K, used 29470K [0x000000010d100000, 0x0000000112600000, 0x0000000162600000)
  object space 87040K, 33% used [0x000000010d100000,0x000000010edc7a08,0x0000000112600000)
 PSPermGen       total 21504K, used 9960K [0x0000000107f00000, 0x0000000109400000, 0x000000010d100000)
  object space 21504K, 46% used [0x0000000107f00000,0x00000001088ba010,0x0000000109400000)
Event: 3.169 GC heap after
Heap after GC invocations=11 (full 0):
 PSYoungGen      total 444928K, used 32224K [0x0000000162600000, 0x000000018d100000, 0x000000018d100000)
  eden space 412672K, 0% used [0x0000000162600000,0x0000000162600000,0x000000017b900000)
  from space 32256K, 99% used [0x000000017b900000,0x000000017d878030,0x000000017d880000)
  to   space 56320K, 0% used [0x0000000189a00000,0x0000000189a00000,0x000000018d100000)
 ParOldGen       total 87040K, used 79262K [0x000000010d100000, 0x0000000112600000, 0x0000000162600000)
  object space 87040K, 91% used [0x000000010d100000,0x0000000111e67a18,0x0000000112600000)
 PSPermGen       total 21504K, used 9960K [0x0000000107f00000, 0x0000000109400000, 0x000000010d100000)
  object space 21504K, 46% used [0x0000000107f00000,0x00000001088ba010,0x0000000109400000)
}
Event: 3.169 GC heap before
{Heap before GC invocations=12 (full 1):
 PSYoungGen      total 444928K, used 32224K [0x0000000162600000, 0x000000018d100000, 0x000000018d100000)
  eden space 412672K, 0% used [0x0000000162600000,0x0000000162600000,0x000000017b900000)
  from space 32256K, 99% used [0x000000017b900000,0x000000017d878030,0x000000017d880000)
  to   space 56320K, 0% used [0x0000000189a00000,0x0000000189a00000,0x000000018d100000)
 ParOldGen       total 87040K, used 79262K [0x000000010d100000, 0x0000000112600000, 0x0000000162600000)
  object space 87040K, 91% used [0x000000010d100000,0x0000000111e67a18,0x0000000112600000)
 PSPermGen       total 21504K, used 9960K [0x0000000107f00000, 0x0000000109400000, 0x000000010d100000)
  object space 21504K, 46% used [0x0000000107f00000,0x00000001088ba010,0x0000000109400000)
Event: 4.817 GC heap after
Heap after GC invocations=12 (full 1):
 PSYoungGen      total 444928K, used 28086K [0x0000000162600000, 0x000000018d100000, 0x000000018d100000)
  eden space 412672K, 0% used [0x0000000162600000,0x0000000162600000,0x000000017b900000)
  from space 32256K, 87% used [0x000000017b900000,0x000000017d46d858,0x000000017d880000)
  to   space 56320K, 0% used [0x0000000189a00000,0x0000000189a00000,0x000000018d100000)
 ParOldGen       total 164352K, used 83018K [0x000000010d100000, 0x0000000117180000, 0x0000000162600000)
  object space 164352K, 50% used [0x000000010d100000,0x0000000112212898,0x0000000117180000)
 PSPermGen       total 21504K, used 9947K [0x0000000107f00000, 0x0000000109400000, 0x000000010d100000)
  object space 21504K, 46% used [0x0000000107f00000,0x00000001088b6d78,0x0000000109400000)
}
Event: 5.189 GC heap before
{Heap before GC invocations=13 (full 1):
 PSYoungGen      total 444928K, used 440758K [0x0000000162600000, 0x000000018d100000, 0x000000018d100000)
  eden space 412672K, 100% used [0x0000000162600000,0x000000017b900000,0x000000017b900000)
  from space 32256K, 87% used [0x000000017b900000,0x000000017d46d858,0x000000017d880000)
  to   space 56320K, 0% used [0x0000000189a00000,0x0000000189a00000,0x000000018d100000)
 ParOldGen       total 164352K, used 83018K [0x000000010d100000, 0x0000000117180000, 0x0000000162600000)
  object space 164352K, 50% used [0x000000010d100000,0x0000000112212898,0x0000000117180000)
 PSPermGen       total 21504K, used 9947K [0x0000000107f00000, 0x0000000109400000, 0x000000010d100000)
  object space 21504K, 46% used [0x0000000107f00000,0x00000001088b6d78,0x0000000109400000)
Event: 5.435 GC heap after
Heap after GC invocations=13 (full 1):
 PSYoungGen      total 552960K, used 56288K [0x0000000162600000, 0x000000018d100000, 0x000000018d100000)
  eden space 496640K, 0% used [0x0000000162600000,0x0000000162600000,0x0000000180b00000)
  from space 56320K, 99% used [0x0000000189a00000,0x000000018d0f8030,0x000000018d100000)
  to   space 91136K, 0% used [0x0000000181f00000,0x0000000181f00000,0x0000000187800000)
 ParOldGen       total 164352K, used 150130K [0x000000010d100000, 0x0000000117180000, 0x0000000162600000)
  object space 164352K, 91% used [0x000000010d100000,0x000000011639c8a8,0x0000000117180000)
 PSPermGen       total 21504K, used 9947K [0x0000000107f00000, 0x0000000109400000, 0x000000010d100000)
  object space 21504K, 46% used [0x0000000107f00000,0x00000001088b6d78,0x0000000109400000)
}
Event: 5.435 GC heap before
{Heap before GC invocations=14 (full 2):
 PSYoungGen      total 552960K, used 56288K [0x0000000162600000, 0x000000018d100000, 0x000000018d100000)
  eden space 496640K, 0% used [0x0000000162600000,0x0000000162600000,0x0000000180b00000)
  from space 56320K, 99% used [0x0000000189a00000,0x000000018d0f8030,0x000000018d100000)
  to   space 91136K, 0% used [0x0000000181f00000,0x0000000181f00000,0x0000000187800000)
 ParOldGen       total 164352K, used 150130K [0x000000010d100000, 0x0000000117180000, 0x0000000162600000)
  object space 164352K, 91% used [0x000000010d100000,0x000000011639c8a8,0x0000000117180000)
 PSPermGen       total 21504K, used 9947K [0x0000000107f00000, 0x0000000109400000, 0x000000010d100000)
  object space 21504K, 46% used [0x0000000107f00000,0x00000001088b6d78,0x0000000109400000)
Event: 5.466 GC heap after
Heap after GC invocations=14 (full 2):
 PSYoungGen      total 552960K, used 0K [0x0000000162600000, 0x000000018d100000, 0x000000018d100000)
  eden space 496640K, 0% used [0x0000000162600000,0x0000000162600000,0x0000000180b00000)
  from space 56320K, 0% used [0x0000000189a00000,0x0000000189a00000,0x000000018d100000)
  to   space 91136K, 0% used [0x0000000181f00000,0x0000000181f00000,0x0000000187800000)
 ParOldGen       total 134656K, used 3081K [0x000000010d100000, 0x0000000115480000, 0x0000000162600000)
  object space 134656K, 2% used [0x000000010d100000,0x000000010d402548,0x0000000115480000)
 PSPermGen       total 22528K, used 9947K [0x0000000107f00000, 0x0000000109500000, 0x000000010d100000)
  object space 22528K, 44% used [0x0000000107f00000,0x00000001088b6d78,0x0000000109500000)
}

