# JRE version: Java(TM) SE Runtime Environment (7.0_67-b01) (build 1.7.0_67-b01)
# Java VM: Java HotSpot(TM) 64-Bit Server VM (24.65-b04 mixed mode bsd-amd64 compressed oops)
Heap
 PSYoungGen      total 284160K, used 229152K [0x00000007d5500000, 0x00000007f2700000, 0x0000000800000000)
  eden space 266240K, 79% used [0x00000007d5500000,0x00000007e2350180,0x00000007e5900000)
  from space 17920K, 99% used [0x00000007e5900000,0x00000007e6a78060,0x00000007e6a80000)
  to   space 25600K, 0% used [0x00000007f0e00000,0x00000007f0e00000,0x00000007f2700000)
 ParOldGen       total 87040K, used 30043K [0x0000000780000000, 0x0000000785500000, 0x00000007d5500000)
  object space 87040K, 34% used [0x0000000780000000,0x0000000781d56f88,0x0000000785500000)
 PSPermGen       total 21504K, used 10098K [0x000000077ae00000, 0x000000077c300000, 0x0000000780000000)
  object space 21504K, 46% used [0x000000077ae00000,0x000000077b7dc980,0x000000077c300000)
GC Heap History (10 events):
Event: 1.760 GC heap before
{Heap before GC invocations=5 (full 0):
 PSYoungGen      total 72704K, used 71968K [0x00000007d5500000, 0x00000007da100000, 0x0000000800000000)
  eden space 67584K, 100% used [0x00000007d5500000,0x00000007d9700000,0x00000007d9700000)
  from space 5120K, 85% used [0x00000007d9c00000,0x00000007da048020,0x00000007da100000)
  to   space 5120K, 0% used [0x00000007d9700000,0x00000007d9700000,0x00000007d9c00000)
 ParOldGen       total 87040K, used 24K [0x0000000780000000, 0x0000000785500000, 0x00000007d5500000)
  object space 87040K, 0% used [0x0000000780000000,0x0000000780006000,0x0000000785500000)
 PSPermGen       total 21504K, used 9953K [0x000000077ae00000, 0x000000077c300000, 0x0000000780000000)
  object space 21504K, 46% used [0x000000077ae00000,0x000000077b7b8758,0x000000077c300000)
Event: 1.773 GC heap after
Heap after GC invocations=5 (full 0):
 PSYoungGen      total 72704K, used 5104K [0x00000007d5500000, 0x00000007de900000, 0x0000000800000000)
  eden space 67584K, 0% used [0x00000007d5500000,0x00000007d5500000,0x00000007d9700000)
  from space 5120K, 99% used [0x00000007d9700000,0x00000007d9bfc040,0x00000007d9c00000)
  to   space 8192K, 0% used [0x00000007de100000,0x00000007de100000,0x00000007de900000)
 ParOldGen       total 87040K, used 2400K [0x0000000780000000, 0x0000000785500000, 0x00000007d5500000)
  object space 87040K, 2% used [0x0000000780000000,0x0000000780258000,0x0000000785500000)
 PSPermGen       total 21504K, used 9953K [0x000000077ae00000, 0x000000077c300000, 0x0000000780000000)
  object space 21504K, 46% used [0x000000077ae00000,0x000000077b7b8758,0x000000077c300000)
}
Event: 1.842 GC heap before
{Heap before GC invocations=6 (full 0):
 PSYoungGen      total 72704K, used 72688K [0x00000007d5500000, 0x00000007de900000, 0x0000000800000000)
  eden space 67584K, 100% used [0x00000007d5500000,0x00000007d9700000,0x00000007d9700000)
  from space 5120K, 99% used [0x00000007d9700000,0x00000007d9bfc040,0x00000007d9c00000)
  to   space 8192K, 0% used [0x00000007de100000,0x00000007de100000,0x00000007de900000)
 ParOldGen       total 87040K, used 2400K [0x0000000780000000, 0x0000000785500000, 0x00000007d5500000)
  object space 87040K, 2% used [0x0000000780000000,0x0000000780258000,0x0000000785500000)
 PSPermGen       total 21504K, used 9955K [0x000000077ae00000, 0x000000077c300000, 0x0000000780000000)
  object space 21504K, 46% used [0x000000077ae00000,0x000000077b7b8fd0,0x000000077c300000)
Event: 1.855 GC heap after
Heap after GC invocations=6 (full 0):
 PSYoungGen      total 141312K, used 8160K [0x00000007d5500000, 0x00000007ded00000, 0x0000000800000000)
  eden space 133120K, 0% used [0x00000007d5500000,0x00000007d5500000,0x00000007dd700000)
  from space 8192K, 99% used [0x00000007de100000,0x00000007de8f8070,0x00000007de900000)
  to   space 10240K, 0% used [0x00000007dd700000,0x00000007dd700000,0x00000007de100000)
 ParOldGen       total 87040K, used 3336K [0x0000000780000000, 0x0000000785500000, 0x00000007d5500000)
  object space 87040K, 3% used [0x0000000780000000,0x0000000780342000,0x0000000785500000)
 PSPermGen       total 21504K, used 9955K [0x000000077ae00000, 0x000000077c300000, 0x0000000780000000)
  object space 21504K, 46% used [0x000000077ae00000,0x000000077b7b8fd0,0x000000077c300000)
}
Event: 2.018 GC heap before
{Heap before GC invocations=7 (full 0):
 PSYoungGen      total 141312K, used 141280K [0x00000007d5500000, 0x00000007ded00000, 0x0000000800000000)
  eden space 133120K, 100% used [0x00000007d5500000,0x00000007dd700000,0x00000007dd700000)
  from space 8192K, 99% used [0x00000007de100000,0x00000007de8f8070,0x00000007de900000)
  to   space 10240K, 0% used [0x00000007dd700000,0x00000007dd700000,0x00000007de100000)
 ParOldGen       total 87040K, used 3336K [0x0000000780000000, 0x0000000785500000, 0x00000007d5500000)
  object space 87040K, 3% used [0x0000000780000000,0x0000000780342000,0x0000000785500000)
 PSPermGen       total 21504K, used 9968K [0x000000077ae00000, 0x000000077c300000, 0x0000000780000000)
  object space 21504K, 46% used [0x000000077ae00000,0x000000077b7bc218,0x000000077c300000)
Event: 2.052 GC heap after
Heap after GC invocations=7 (full 0):
 PSYoungGen      total 143360K, used 10208K [0x00000007d5500000, 0x00000007e7f00000, 0x0000000800000000)
  eden space 133120K, 0% used [0x00000007d5500000,0x00000007d5500000,0x00000007dd700000)
  from space 10240K, 99% used [0x00000007dd700000,0x00000007de0f8050,0x00000007de100000)
  to   space 19456K, 0% used [0x00000007e6c00000,0x00000007e6c00000,0x00000007e7f00000)
 ParOldGen       total 87040K, used 17123K [0x0000000780000000, 0x0000000785500000, 0x00000007d5500000)
  object space 87040K, 19% used [0x0000000780000000,0x00000007810b8f58,0x0000000785500000)
 PSPermGen       total 21504K, used 9968K [0x000000077ae00000, 0x000000077c300000, 0x0000000780000000)
  object space 21504K, 46% used [0x000000077ae00000,0x000000077b7bc218,0x000000077c300000)
}
Event: 2.210 GC heap before
{Heap before GC invocations=8 (full 0):
 PSYoungGen      total 143360K, used 143328K [0x00000007d5500000, 0x00000007e7f00000, 0x0000000800000000)
  eden space 133120K, 100% used [0x00000007d5500000,0x00000007dd700000,0x00000007dd700000)
  from space 10240K, 99% used [0x00000007dd700000,0x00000007de0f8050,0x00000007de100000)
  to   space 19456K, 0% used [0x00000007e6c00000,0x00000007e6c00000,0x00000007e7f00000)
 ParOldGen       total 87040K, used 17123K [0x0000000780000000, 0x0000000785500000, 0x00000007d5500000)
  object space 87040K, 19% used [0x0000000780000000,0x00000007810b8f58,0x0000000785500000)
 PSPermGen       total 21504K, used 9968K [0x000000077ae00000, 0x000000077c300000, 0x0000000780000000)
  object space 21504K, 46% used [0x000000077ae00000,0x000000077b7bc218,0x000000077c300000)
Event: 2.221 GC heap after
Heap after GC invocations=8 (full 0):
 PSYoungGen      total 282624K, used 7584K [0x00000007d5500000, 0x00000007e7c00000, 0x0000000800000000)
  eden space 266240K, 0% used [0x00000007d5500000,0x00000007d5500000,0x00000007e5900000)
  from space 16384K, 46% used [0x00000007e6c00000,0x00000007e7368040,0x00000007e7c00000)
  to   space 17920K, 0% used [0x00000007e5900000,0x00000007e5900000,0x00000007e6a80000)
 ParOldGen       total 87040K, used 18115K [0x0000000780000000, 0x0000000785500000, 0x00000007d5500000)
  object space 87040K, 20% used [0x0000000780000000,0x00000007811b0f68,0x0000000785500000)
 PSPermGen       total 21504K, used 9968K [0x000000077ae00000, 0x000000077c300000, 0x0000000780000000)
  object space 21504K, 46% used [0x000000077ae00000,0x000000077b7bc218,0x000000077c300000)
}
Event: 2.468 GC heap before
{Heap before GC invocations=9 (full 0):
 PSYoungGen      total 282624K, used 273824K [0x00000007d5500000, 0x00000007e7c00000, 0x0000000800000000)
  eden space 266240K, 100% used [0x00000007d5500000,0x00000007e5900000,0x00000007e5900000)
  from space 16384K, 46% used [0x00000007e6c00000,0x00000007e7368040,0x00000007e7c00000)
  to   space 17920K, 0% used [0x00000007e5900000,0x00000007e5900000,0x00000007e6a80000)
 ParOldGen       total 87040K, used 18115K [0x0000000780000000, 0x0000000785500000, 0x00000007d5500000)
  object space 87040K, 20% used [0x0000000780000000,0x00000007811b0f68,0x0000000785500000)
 PSPermGen       total 21504K, used 9968K [0x000000077ae00000, 0x000000077c300000, 0x0000000780000000)
  object space 21504K, 46% used [0x000000077ae00000,0x000000077b7bc308,0x000000077c300000)
Event: 2.504 GC heap after
Heap after GC invocations=9 (full 0):
 PSYoungGen      total 284160K, used 17888K [0x00000007d5500000, 0x00000007f2700000, 0x0000000800000000)
  eden space 266240K, 0% used [0x00000007d5500000,0x00000007d5500000,0x00000007e5900000)
  from space 17920K, 99% used [0x00000007e5900000,0x00000007e6a78060,0x00000007e6a80000)
  to   space 25600K, 0% used [0x00000007f0e00000,0x00000007f0e00000,0x00000007f2700000)
 ParOldGen       total 87040K, used 30043K [0x0000000780000000, 0x0000000785500000, 0x00000007d5500000)
  object space 87040K, 34% used [0x0000000780000000,0x0000000781d56f88,0x0000000785500000)
 PSPermGen       total 21504K, used 9968K [0x000000077ae00000, 0x000000077c300000, 0x0000000780000000)
  object space 21504K, 46% used [0x000000077ae00000,0x000000077b7bc308,0x000000077c300000)
}

